<?xml version="1.0" encoding="UTF-8"?>
<!-- Generated by org.testng.reporters.JUnitReportReporter -->
<testsuite hostname="D-113096609" name="com.wipro.chc.Assignment2.TC04OrderHistory" tests="1" failures="0" timestamp="23 Feb 2018 07:36:51 GMT" time="102.709" errors="0">
  <testcase name="testcase04" time="102.709" classname="com.wipro.chc.Assignment2.TC04OrderHistory"/>
</testsuite> <!-- com.wipro.chc.Assignment2.TC04OrderHistory -->
