<?xml version="1.0" encoding="UTF-8"?>
<!-- Generated by org.testng.reporters.JUnitReportReporter -->
<testsuite hostname="D-113096609" name="com.wipro.chc.Assignment2.TC03AddingPhonesToCart" tests="1" failures="0" timestamp="14 Feb 2018 09:04:47 GMT" time="66.933" errors="0">
  <testcase name="testcase03" time="66.933" classname="com.wipro.chc.Assignment2.TC03AddingPhonesToCart"/>
</testsuite> <!-- com.wipro.chc.Assignment2.TC03AddingPhonesToCart -->
