<?xml version="1.0" encoding="UTF-8"?>
<!-- Generated by org.testng.reporters.JUnitReportReporter -->
<testsuite hostname="D-113096609" name="com.wipro.chc.Assignment2.TC01RegistrationAndOpenToCart" tests="4" failures="0" timestamp="21 Feb 2018 07:58:07 GMT" time="71.037" errors="0">
  <testcase name="testcase01_part03" time="21.454" classname="com.wipro.chc.Assignment2.TC01RegistrationAndOpenToCart"/>
  <testcase name="testcase01_part02" time="11.228" classname="com.wipro.chc.Assignment2.TC01RegistrationAndOpenToCart"/>
  <testcase name="testcase01_part02" time="11.251" classname="com.wipro.chc.Assignment2.TC01RegistrationAndOpenToCart"/>
  <testcase name="testcase01_part01" time="27.104" classname="com.wipro.chc.Assignment2.TC01RegistrationAndOpenToCart"/>
</testsuite> <!-- com.wipro.chc.Assignment2.TC01RegistrationAndOpenToCart -->
