<?xml version="1.0" encoding="UTF-8"?>
<!-- Generated by org.testng.reporters.JUnitReportReporter -->
<testsuite hostname="D-113096609" name="com.wipro.chc.Assignment2.TC03AddingPhonesToCart" tests="1" failures="0" timestamp="22 Feb 2018 05:58:02 GMT" time="71.544" errors="0">
  <testcase name="testcase03" time="71.544" classname="com.wipro.chc.Assignment2.TC03AddingPhonesToCart"/>
</testsuite> <!-- com.wipro.chc.Assignment2.TC03AddingPhonesToCart -->
