<?xml version="1.0" encoding="UTF-8"?>
<!-- Generated by org.testng.reporters.JUnitReportReporter -->
<testsuite hostname="D-113096609" name="com.wipro.chc.Assignment2.TC01RegistrationAndOpenToCart" tests="4" failures="0" timestamp="15 Feb 2018 05:46:59 GMT" time="78.829" errors="0">
  <testcase name="testcase01_part02" time="11.345" classname="com.wipro.chc.Assignment2.TC01RegistrationAndOpenToCart"/>
  <testcase name="testcase01_part02" time="11.174" classname="com.wipro.chc.Assignment2.TC01RegistrationAndOpenToCart"/>
  <testcase name="testcase01_part01" time="36.215" classname="com.wipro.chc.Assignment2.TC01RegistrationAndOpenToCart"/>
  <testcase name="testcase01_part03" time="20.095" classname="com.wipro.chc.Assignment2.TC01RegistrationAndOpenToCart"/>
</testsuite> <!-- com.wipro.chc.Assignment2.TC01RegistrationAndOpenToCart -->
