<?xml version="1.0" encoding="UTF-8"?>
<!-- Generated by org.testng.reporters.JUnitReportReporter -->
<testsuite hostname="D-113096609" name="com.wipro.chc.Assignment2.TC01RegistrationAndOpenToCart" tests="4" failures="0" timestamp="19 Feb 2018 07:18:10 GMT" time="67.885" errors="0">
  <testcase name="testcase01_part02" time="11.236" classname="com.wipro.chc.Assignment2.TC01RegistrationAndOpenToCart"/>
  <testcase name="testcase01_part01" time="24.900" classname="com.wipro.chc.Assignment2.TC01RegistrationAndOpenToCart"/>
  <testcase name="testcase01_part03" time="20.558" classname="com.wipro.chc.Assignment2.TC01RegistrationAndOpenToCart"/>
  <testcase name="testcase01_part02" time="11.191" classname="com.wipro.chc.Assignment2.TC01RegistrationAndOpenToCart"/>
</testsuite> <!-- com.wipro.chc.Assignment2.TC01RegistrationAndOpenToCart -->
