<?xml version="1.0" encoding="UTF-8"?>
<!-- Generated by org.testng.reporters.JUnitReportReporter -->
<testsuite hostname="D-113096609" name="com.wipro.chc.Assignment2.TC03AddingPhonesToCart" tests="1" failures="0" timestamp="22 Feb 2018 06:19:58 GMT" time="89.270" errors="0">
  <testcase name="testcase03" time="89.270" classname="com.wipro.chc.Assignment2.TC03AddingPhonesToCart"/>
</testsuite> <!-- com.wipro.chc.Assignment2.TC03AddingPhonesToCart -->
