<?xml version="1.0" encoding="UTF-8"?>
<!-- Generated by org.testng.reporters.JUnitReportReporter -->
<testsuite hostname="D-113096609" name="com.wipro.chc.Assignment2.TC01RegistrationAndOpenToCart" tests="4" failures="0" timestamp="22 Feb 2018 06:19:58 GMT" time="86.666" errors="0">
  <testcase name="testcase01_part02" time="12.902" classname="com.wipro.chc.Assignment2.TC01RegistrationAndOpenToCart"/>
  <testcase name="testcase01_part03" time="22.368" classname="com.wipro.chc.Assignment2.TC01RegistrationAndOpenToCart"/>
  <testcase name="testcase01_part01" time="39.511" classname="com.wipro.chc.Assignment2.TC01RegistrationAndOpenToCart"/>
  <testcase name="testcase01_part02" time="11.885" classname="com.wipro.chc.Assignment2.TC01RegistrationAndOpenToCart"/>
</testsuite> <!-- com.wipro.chc.Assignment2.TC01RegistrationAndOpenToCart -->
