<?xml version="1.0" encoding="UTF-8"?>
<!-- Generated by org.testng.reporters.JUnitReportReporter -->
<testsuite hostname="D-113096609" name="com.wipro.chc.Assignment2.TC01RegistrationAndOpenToCart" tests="4" failures="0" timestamp="26 Feb 2018 05:53:23 GMT" time="109.054" errors="0">
  <testcase name="testcase01_part03" time="22.349" classname="com.wipro.chc.Assignment2.TC01RegistrationAndOpenToCart"/>
  <testcase name="testcase01_part02" time="11.711" classname="com.wipro.chc.Assignment2.TC01RegistrationAndOpenToCart"/>
  <testcase name="testcase01_part02" time="12.213" classname="com.wipro.chc.Assignment2.TC01RegistrationAndOpenToCart"/>
  <testcase name="testcase01_part01" time="62.781" classname="com.wipro.chc.Assignment2.TC01RegistrationAndOpenToCart"/>
</testsuite> <!-- com.wipro.chc.Assignment2.TC01RegistrationAndOpenToCart -->
