<?xml version="1.0" encoding="UTF-8"?>
<!-- Generated by org.testng.reporters.JUnitReportReporter -->
<testsuite hostname="D-113096609" name="com.wipro.chc.Assignment2.TC03AddingPhonesToCart" tests="1" failures="0" timestamp="15 Feb 2018 05:46:59 GMT" time="67.203" errors="0">
  <testcase name="testcase03" time="67.203" classname="com.wipro.chc.Assignment2.TC03AddingPhonesToCart"/>
</testsuite> <!-- com.wipro.chc.Assignment2.TC03AddingPhonesToCart -->
